<!DOCTYPE html>
<html>
<head>
<meta http-equiv="Content-Type" content="text/html; charset=utf-8"/>
<meta http-equiv="x-ua-compatible" content="IE=edge"/>
<title>Test results - Class com.javiersc.mokoki.MokokiTest</title>
<link href="../css/base-style.css" rel="stylesheet" type="text/css"/>
<link href="../css/style.css" rel="stylesheet" type="text/css"/>
<script src="../js/report.js" type="text/javascript"></script>
</head>
<body>
<div id="content">
<h1>Class com.javiersc.mokoki.MokokiTest</h1>
<div class="breadcrumbs">
<a href="../index.html">all</a> &gt; 
<a href="../packages/com.javiersc.mokoki.html">com.javiersc.mokoki</a> &gt; MokokiTest</div>
<div id="summary">
<table>
<tr>
<td>
<div class="summaryGroup">
<table>
<tr>
<td>
<div class="infoBox" id="tests">
<div class="counter">21</div>
<p>tests</p>
</div>
</td>
<td>
<div class="infoBox" id="failures">
<div class="counter">0</div>
<p>failures</p>
</div>
</td>
<td>
<div class="infoBox" id="ignored">
<div class="counter">0</div>
<p>ignored</p>
</div>
</td>
<td>
<div class="infoBox" id="duration">
<div class="counter">12.238s</div>
<p>duration</p>
</div>
</td>
</tr>
</table>
</div>
</td>
<td>
<div class="infoBox success" id="successRate">
<div class="percent">100%</div>
<p>successful</p>
</div>
</td>
</tr>
</table>
</div>
<div id="tabs">
<ul class="tabLinks">
<li>
<a href="#tab0">Tests</a>
</li>
<li>
<a href="#tab1">Standard output</a>
</li>
</ul>
<div id="tab0" class="tab">
<h2>Tests</h2>
<table>
<thead>
<tr>
<th>Test</th>
<th>Method name</th>
<th>Duration</th>
<th>Result</th>
</tr>
</thead>
<tr>
<td class="success">log_D[jvm]</td>
<td class="success">log_D</td>
<td class="success">4.144s</td>
<td class="success">passed</td>
</tr>
<tr>
<td class="success">log_D</td>
<td class="success">log_D</td>
<td class="success">3.562s</td>
<td class="success">passed</td>
</tr>
<tr>
<td class="success">log_D</td>
<td class="success">log_D</td>
<td class="success">3.097s</td>
<td class="success">passed</td>
</tr>
<tr>
<td class="success">log_E</td>
<td class="success">log_E</td>
<td class="success">0.026s</td>
<td class="success">passed</td>
</tr>
<tr>
<td class="success">log_E[jvm]</td>
<td class="success">log_E</td>
<td class="success">0.037s</td>
<td class="success">passed</td>
</tr>
<tr>
<td class="success">log_E</td>
<td class="success">log_E</td>
<td class="success">0.017s</td>
<td class="success">passed</td>
</tr>
<tr>
<td class="success">log_I[jvm]</td>
<td class="success">log_I</td>
<td class="success">0.033s</td>
<td class="success">passed</td>
</tr>
<tr>
<td class="success">log_I</td>
<td class="success">log_I</td>
<td class="success">0.019s</td>
<td class="success">passed</td>
</tr>
<tr>
<td class="success">log_I</td>
<td class="success">log_I</td>
<td class="success">0.014s</td>
<td class="success">passed</td>
</tr>
<tr>
<td class="success">log_V</td>
<td class="success">log_V</td>
<td class="success">0.075s</td>
<td class="success">passed</td>
</tr>
<tr>
<td class="success">log_V[jvm]</td>
<td class="success">log_V</td>
<td class="success">0.026s</td>
<td class="success">passed</td>
</tr>
<tr>
<td class="success">log_V</td>
<td class="success">log_V</td>
<td class="success">0.019s</td>
<td class="success">passed</td>
</tr>
<tr>
<td class="success">log_W</td>
<td class="success">log_W</td>
<td class="success">0.020s</td>
<td class="success">passed</td>
</tr>
<tr>
<td class="success">log_W</td>
<td class="success">log_W</td>
<td class="success">0.020s</td>
<td class="success">passed</td>
</tr>
<tr>
<td class="success">log_W[jvm]</td>
<td class="success">log_W</td>
<td class="success">0.028s</td>
<td class="success">passed</td>
</tr>
<tr>
<td class="success">log_WTF</td>
<td class="success">log_WTF</td>
<td class="success">0.023s</td>
<td class="success">passed</td>
</tr>
<tr>
<td class="success">log_WTF[jvm]</td>
<td class="success">log_WTF</td>
<td class="success">0.018s</td>
<td class="success">passed</td>
</tr>
<tr>
<td class="success">log_WTF</td>
<td class="success">log_WTF</td>
<td class="success">0.026s</td>
<td class="success">passed</td>
</tr>
<tr>
<td class="success">log_some_throwable[jvm]</td>
<td class="success">log_some_throwable</td>
<td class="success">0.360s</td>
<td class="success">passed</td>
</tr>
<tr>
<td class="success">log_some_throwable</td>
<td class="success">log_some_throwable</td>
<td class="success">0.331s</td>
<td class="success">passed</td>
</tr>
<tr>
<td class="success">log_some_throwable</td>
<td class="success">log_some_throwable</td>
<td class="success">0.343s</td>
<td class="success">passed</td>
</tr>
</table>
</div>
<div id="tab1" class="tab">
<h2>Standard output</h2>
<span class="code">
<pre>?[92m ┌───────────────────────────────────────────────────────────────────────────────────────────────────┐ ?[0m
?[92m │ Some tag │ DEBUG.(MokokiTest.kt:46) │ file MokokiTest.kt │ class MokokiTest │ fun log_D │ line 46 │ ?[0m
?[92m ├───────────────────────────────────────────────────────────────────────────────────────────────────┤ ?[0m
?[92m │ Some message                                                                                      │ ?[0m
?[92m └───────────────────────────────────────────────────────────────────────────────────────────────────┘ ?[0m
?[91m ┌───────────────────────────────────────────────────────────────────────────────────────────────────┐ ?[0m
?[91m │ Some tag │ ERROR.(MokokiTest.kt:97) │ file MokokiTest.kt │ class MokokiTest │ fun log_E │ line 97 │ ?[0m
?[91m ├───────────────────────────────────────────────────────────────────────────────────────────────────┤ ?[0m
?[91m │ Some message                                                                                      │ ?[0m
?[91m └───────────────────────────────────────────────────────────────────────────────────────────────────┘ ?[0m
?[93m ┌──────────────────────────────────────────────────────────────────────────────────────────────────┐ ?[0m
?[93m │ Some tag │ INFO.(MokokiTest.kt:63) │ file MokokiTest.kt │ class MokokiTest │ fun log_I │ line 63 │ ?[0m
?[93m ├──────────────────────────────────────────────────────────────────────────────────────────────────┤ ?[0m
?[93m │ Some message                                                                                     │ ?[0m
?[93m └──────────────────────────────────────────────────────────────────────────────────────────────────┘ ?[0m
?[0m ┌─────────────────────────────────────────────────────────────────────────────────────────────────────┐ ?[0m
?[0m │ Some tag │ VERBOSE.(MokokiTest.kt:29) │ file MokokiTest.kt │ class MokokiTest │ fun log_V │ line 29 │ ?[0m
?[0m ├─────────────────────────────────────────────────────────────────────────────────────────────────────┤ ?[0m
?[0m │ Some message                                                                                        │ ?[0m
?[0m └─────────────────────────────────────────────────────────────────────────────────────────────────────┘ ?[0m
?[33m ┌──────────────────────────────────────────────────────────────────────────────────────────────────┐ ?[0m
?[33m │ Some tag │ WARN.(MokokiTest.kt:80) │ file MokokiTest.kt │ class MokokiTest │ fun log_W │ line 80 │ ?[0m
?[33m ├──────────────────────────────────────────────────────────────────────────────────────────────────┤ ?[0m
?[33m │ Some message                                                                                     │ ?[0m
?[33m └──────────────────────────────────────────────────────────────────────────────────────────────────┘ ?[0m
?[31m ┌────────────────────────────────────────────────────────────────────────────────────────────────────────┐ ?[0m
?[31m │ Some tag │ ASSERT.(MokokiTest.kt:114) │ file MokokiTest.kt │ class MokokiTest │ fun log_WTF │ line 114 │ ?[0m
?[31m ├────────────────────────────────────────────────────────────────────────────────────────────────────────┤ ?[0m
?[31m │ Some message                                                                                           │ ?[0m
?[31m └────────────────────────────────────────────────────────────────────────────────────────────────────────┘ ?[0m
?[91m ┌───────────────────────────────────────────────────────────────────────────────────────────────────────────────────────────────────────────┐ ?[0m
?[91m │ Some tag │ ERROR.(MokokiTest.kt:132) │ file MokokiTest.kt │ class MokokiTest │ fun log_some_throwable │ line 132                          │ ?[0m
?[91m ├───────────────────────────────────────────────────────────────────────────────────────────────────────────────────────────────────────────┤ ?[0m
?[91m │ java.lang.IllegalStateException: Some message                                                                                             │ ?[0m
?[91m │ 	at com.javiersc.mokoki.MokokiTest.log_some_throwable(MokokiTest.kt:132)                                                                  │ ?[0m
?[91m │ 	at java.base/jdk.internal.reflect.NativeMethodAccessorImpl.invoke0(Native Method)                                                        │ ?[0m
?[91m │ 	at java.base/jdk.internal.reflect.NativeMethodAccessorImpl.invoke(NativeMethodAccessorImpl.java:62)                                      │ ?[0m
?[91m │ 	at java.base/jdk.internal.reflect.DelegatingMethodAccessorImpl.invoke(DelegatingMethodAccessorImpl.java:43)                              │ ?[0m
?[91m │ 	at java.base/java.lang.reflect.Method.invoke(Method.java:566)                                                                            │ ?[0m
?[91m │ 	at org.junit.runners.model.FrameworkMethod$1.runReflectiveCall(FrameworkMethod.java:59)                                                  │ ?[0m
?[91m │ 	at org.junit.internal.runners.model.ReflectiveCallable.run(ReflectiveCallable.java:12)                                                   │ ?[0m
?[91m │ 	at org.junit.runners.model.FrameworkMethod.invokeExplosively(FrameworkMethod.java:56)                                                    │ ?[0m
?[91m │ 	at org.junit.internal.runners.statements.InvokeMethod.evaluate(InvokeMethod.java:17)                                                     │ ?[0m
?[91m │ 	at org.junit.internal.runners.statements.RunBefores.evaluate(RunBefores.java:26)                                                         │ ?[0m
?[91m │ 	at org.junit.internal.runners.statements.RunAfters.evaluate(RunAfters.java:27)                                                           │ ?[0m
?[91m │ 	at org.junit.runners.ParentRunner$3.evaluate(ParentRunner.java:306)                                                                      │ ?[0m
?[91m │ 	at org.junit.runners.BlockJUnit4ClassRunner$1.evaluate(BlockJUnit4ClassRunner.java:100)                                                  │ ?[0m
?[91m │ 	at org.junit.runners.ParentRunner.runLeaf(ParentRunner.java:366)                                                                         │ ?[0m
?[91m │ 	at org.junit.runners.BlockJUnit4ClassRunner.runChild(BlockJUnit4ClassRunner.java:103)                                                    │ ?[0m
?[91m │ 	at org.junit.runners.BlockJUnit4ClassRunner.runChild(BlockJUnit4ClassRunner.java:63)                                                     │ ?[0m
?[91m │ 	at org.junit.runners.ParentRunner$4.run(ParentRunner.java:331)                                                                           │ ?[0m
?[91m │ 	at org.junit.runners.ParentRunner$1.schedule(ParentRunner.java:79)                                                                       │ ?[0m
?[91m │ 	at org.junit.runners.ParentRunner.runChildren(ParentRunner.java:329)                                                                     │ ?[0m
?[91m │ 	at org.junit.runners.ParentRunner.access$100(ParentRunner.java:66)                                                                       │ ?[0m
?[91m │ 	at org.junit.runners.ParentRunner$2.evaluate(ParentRunner.java:293)                                                                      │ ?[0m
?[91m │ 	at org.junit.runners.ParentRunner$3.evaluate(ParentRunner.java:306)                                                                      │ ?[0m
?[91m │ 	at org.junit.runners.ParentRunner.run(ParentRunner.java:413)                                                                             │ ?[0m
?[91m │ 	at org.gradle.api.internal.tasks.testing.junit.JUnitTestClassExecutor.runTestClass(JUnitTestClassExecutor.java:110)                      │ ?[0m
?[91m │ 	at org.gradle.api.internal.tasks.testing.junit.JUnitTestClassExecutor.execute(JUnitTestClassExecutor.java:58)                            │ ?[0m
?[91m │ 	at org.gradle.api.internal.tasks.testing.junit.JUnitTestClassExecutor.execute(JUnitTestClassExecutor.java:38)                            │ ?[0m
?[91m │ 	at org.gradle.api.internal.tasks.testing.junit.AbstractJUnitTestClassProcessor.processTestClass(AbstractJUnitTestClassProcessor.java:62) │ ?[0m
?[91m │ 	at org.gradle.api.internal.tasks.testing.SuiteTestClassProcessor.processTestClass(SuiteTestClassProcessor.java:51)                       │ ?[0m
?[91m │ 	at java.base/jdk.internal.reflect.NativeMethodAccessorImpl.invoke0(Native Method)                                                        │ ?[0m
?[91m │ 	at java.base/jdk.internal.reflect.NativeMethodAccessorImpl.invoke(NativeMethodAccessorImpl.java:62)                                      │ ?[0m
?[91m │ 	at java.base/jdk.internal.reflect.DelegatingMethodAccessorImpl.invoke(DelegatingMethodAccessorImpl.java:43)                              │ ?[0m
?[91m │ 	at java.base/java.lang.reflect.Method.invoke(Method.java:566)                                                                            │ ?[0m
?[91m │ 	at org.gradle.internal.dispatch.ReflectionDispatch.dispatch(ReflectionDispatch.java:36)                                                  │ ?[0m
?[91m │ 	at org.gradle.internal.dispatch.ReflectionDispatch.dispatch(ReflectionDispatch.java:24)                                                  │ ?[0m
?[91m │ 	at org.gradle.internal.dispatch.ContextClassLoaderDispatch.dispatch(ContextClassLoaderDispatch.java:33)                                  │ ?[0m
?[91m │ 	at org.gradle.internal.dispatch.ProxyDispatchAdapter$DispatchingInvocationHandler.invoke(ProxyDispatchAdapter.java:94)                   │ ?[0m
?[91m │ 	at com.sun.proxy.$Proxy2.processTestClass(Unknown Source)                                                                                │ ?[0m
?[91m │ 	at org.gradle.api.internal.tasks.testing.worker.TestWorker$2.run(TestWorker.java:176)                                                    │ ?[0m
?[91m │ 	at org.gradle.api.internal.tasks.testing.worker.TestWorker.executeAndMaintainThreadName(TestWorker.java:129)                             │ ?[0m
?[91m │ 	at org.gradle.api.internal.tasks.testing.worker.TestWorker.execute(TestWorker.java:100)                                                  │ ?[0m
?[91m │ 	at org.gradle.api.internal.tasks.testing.worker.TestWorker.execute(TestWorker.java:60)                                                   │ ?[0m
?[91m │ 	at org.gradle.process.internal.worker.child.ActionExecutionWorker.execute(ActionExecutionWorker.java:56)                                 │ ?[0m
?[91m │ 	at org.gradle.process.internal.worker.child.SystemApplicationClassLoaderWorker.call(SystemApplicationClassLoaderWorker.java:133)         │ ?[0m
?[91m │ 	at org.gradle.process.internal.worker.child.SystemApplicationClassLoaderWorker.call(SystemApplicationClassLoaderWorker.java:71)          │ ?[0m
?[91m │ 	at worker.org.gradle.process.internal.worker.GradleWorkerMain.run(GradleWorkerMain.java:69)                                              │ ?[0m
?[91m │ 	at worker.org.gradle.process.internal.worker.GradleWorkerMain.main(GradleWorkerMain.java:74)                                             │ ?[0m
?[91m │                                                                                                                                           │ ?[0m
?[91m └───────────────────────────────────────────────────────────────────────────────────────────────────────────────────────────────────────────┘ ?[0m
?[92m ┌───────────────────────────────────────────────────────────────────────────────────────────────────┐ ?[0m
?[92m │ Some tag │ DEBUG.(MokokiTest.kt:46) │ file MokokiTest.kt │ class MokokiTest │ fun log_D │ line 46 │ ?[0m
?[92m ├───────────────────────────────────────────────────────────────────────────────────────────────────┤ ?[0m
?[92m │ Some message                                                                                      │ ?[0m
?[92m └───────────────────────────────────────────────────────────────────────────────────────────────────┘ ?[0m
?[91m ┌───────────────────────────────────────────────────────────────────────────────────────────────────┐ ?[0m
?[91m │ Some tag │ ERROR.(MokokiTest.kt:97) │ file MokokiTest.kt │ class MokokiTest │ fun log_E │ line 97 │ ?[0m
?[91m ├───────────────────────────────────────────────────────────────────────────────────────────────────┤ ?[0m
?[91m │ Some message                                                                                      │ ?[0m
?[91m └───────────────────────────────────────────────────────────────────────────────────────────────────┘ ?[0m
?[93m ┌──────────────────────────────────────────────────────────────────────────────────────────────────┐ ?[0m
?[93m │ Some tag │ INFO.(MokokiTest.kt:63) │ file MokokiTest.kt │ class MokokiTest │ fun log_I │ line 63 │ ?[0m
?[93m ├──────────────────────────────────────────────────────────────────────────────────────────────────┤ ?[0m
?[93m │ Some message                                                                                     │ ?[0m
?[93m └──────────────────────────────────────────────────────────────────────────────────────────────────┘ ?[0m
?[0m ┌─────────────────────────────────────────────────────────────────────────────────────────────────────┐ ?[0m
?[0m │ Some tag │ VERBOSE.(MokokiTest.kt:29) │ file MokokiTest.kt │ class MokokiTest │ fun log_V │ line 29 │ ?[0m
?[0m ├─────────────────────────────────────────────────────────────────────────────────────────────────────┤ ?[0m
?[0m │ Some message                                                                                        │ ?[0m
?[0m └─────────────────────────────────────────────────────────────────────────────────────────────────────┘ ?[0m
?[33m ┌──────────────────────────────────────────────────────────────────────────────────────────────────┐ ?[0m
?[33m │ Some tag │ WARN.(MokokiTest.kt:80) │ file MokokiTest.kt │ class MokokiTest │ fun log_W │ line 80 │ ?[0m
?[33m ├──────────────────────────────────────────────────────────────────────────────────────────────────┤ ?[0m
?[33m │ Some message                                                                                     │ ?[0m
?[33m └──────────────────────────────────────────────────────────────────────────────────────────────────┘ ?[0m
?[31m ┌────────────────────────────────────────────────────────────────────────────────────────────────────────┐ ?[0m
?[31m │ Some tag │ ASSERT.(MokokiTest.kt:114) │ file MokokiTest.kt │ class MokokiTest │ fun log_WTF │ line 114 │ ?[0m
?[31m ├────────────────────────────────────────────────────────────────────────────────────────────────────────┤ ?[0m
?[31m │ Some message                                                                                           │ ?[0m
?[31m └────────────────────────────────────────────────────────────────────────────────────────────────────────┘ ?[0m
?[91m ┌───────────────────────────────────────────────────────────────────────────────────────────────────────────────────────────────────────────┐ ?[0m
?[91m │ Some tag │ ERROR.(MokokiTest.kt:132) │ file MokokiTest.kt │ class MokokiTest │ fun log_some_throwable │ line 132                          │ ?[0m
?[91m ├───────────────────────────────────────────────────────────────────────────────────────────────────────────────────────────────────────────┤ ?[0m
?[91m │ java.lang.IllegalStateException: Some message                                                                                             │ ?[0m
?[91m │ 	at com.javiersc.mokoki.MokokiTest.log_some_throwable(MokokiTest.kt:132)                                                                  │ ?[0m
?[91m │ 	at java.base/jdk.internal.reflect.NativeMethodAccessorImpl.invoke0(Native Method)                                                        │ ?[0m
?[91m │ 	at java.base/jdk.internal.reflect.NativeMethodAccessorImpl.invoke(NativeMethodAccessorImpl.java:62)                                      │ ?[0m
?[91m │ 	at java.base/jdk.internal.reflect.DelegatingMethodAccessorImpl.invoke(DelegatingMethodAccessorImpl.java:43)                              │ ?[0m
?[91m │ 	at java.base/java.lang.reflect.Method.invoke(Method.java:566)                                                                            │ ?[0m
?[91m │ 	at org.junit.runners.model.FrameworkMethod$1.runReflectiveCall(FrameworkMethod.java:59)                                                  │ ?[0m
?[91m │ 	at org.junit.internal.runners.model.ReflectiveCallable.run(ReflectiveCallable.java:12)                                                   │ ?[0m
?[91m │ 	at org.junit.runners.model.FrameworkMethod.invokeExplosively(FrameworkMethod.java:56)                                                    │ ?[0m
?[91m │ 	at org.junit.internal.runners.statements.InvokeMethod.evaluate(InvokeMethod.java:17)                                                     │ ?[0m
?[91m │ 	at org.junit.internal.runners.statements.RunBefores.evaluate(RunBefores.java:26)                                                         │ ?[0m
?[91m │ 	at org.junit.internal.runners.statements.RunAfters.evaluate(RunAfters.java:27)                                                           │ ?[0m
?[91m │ 	at org.junit.runners.ParentRunner$3.evaluate(ParentRunner.java:306)                                                                      │ ?[0m
?[91m │ 	at org.junit.runners.BlockJUnit4ClassRunner$1.evaluate(BlockJUnit4ClassRunner.java:100)                                                  │ ?[0m
?[91m │ 	at org.junit.runners.ParentRunner.runLeaf(ParentRunner.java:366)                                                                         │ ?[0m
?[91m │ 	at org.junit.runners.BlockJUnit4ClassRunner.runChild(BlockJUnit4ClassRunner.java:103)                                                    │ ?[0m
?[91m │ 	at org.junit.runners.BlockJUnit4ClassRunner.runChild(BlockJUnit4ClassRunner.java:63)                                                     │ ?[0m
?[91m │ 	at org.junit.runners.ParentRunner$4.run(ParentRunner.java:331)                                                                           │ ?[0m
?[91m │ 	at org.junit.runners.ParentRunner$1.schedule(ParentRunner.java:79)                                                                       │ ?[0m
?[91m │ 	at org.junit.runners.ParentRunner.runChildren(ParentRunner.java:329)                                                                     │ ?[0m
?[91m │ 	at org.junit.runners.ParentRunner.access$100(ParentRunner.java:66)                                                                       │ ?[0m
?[91m │ 	at org.junit.runners.ParentRunner$2.evaluate(ParentRunner.java:293)                                                                      │ ?[0m
?[91m │ 	at org.junit.runners.ParentRunner$3.evaluate(ParentRunner.java:306)                                                                      │ ?[0m
?[91m │ 	at org.junit.runners.ParentRunner.run(ParentRunner.java:413)                                                                             │ ?[0m
?[91m │ 	at org.gradle.api.internal.tasks.testing.junit.JUnitTestClassExecutor.runTestClass(JUnitTestClassExecutor.java:110)                      │ ?[0m
?[91m │ 	at org.gradle.api.internal.tasks.testing.junit.JUnitTestClassExecutor.execute(JUnitTestClassExecutor.java:58)                            │ ?[0m
?[91m │ 	at org.gradle.api.internal.tasks.testing.junit.JUnitTestClassExecutor.execute(JUnitTestClassExecutor.java:38)                            │ ?[0m
?[91m │ 	at org.gradle.api.internal.tasks.testing.junit.AbstractJUnitTestClassProcessor.processTestClass(AbstractJUnitTestClassProcessor.java:62) │ ?[0m
?[91m │ 	at org.gradle.api.internal.tasks.testing.SuiteTestClassProcessor.processTestClass(SuiteTestClassProcessor.java:51)                       │ ?[0m
?[91m │ 	at java.base/jdk.internal.reflect.NativeMethodAccessorImpl.invoke0(Native Method)                                                        │ ?[0m
?[91m │ 	at java.base/jdk.internal.reflect.NativeMethodAccessorImpl.invoke(NativeMethodAccessorImpl.java:62)                                      │ ?[0m
?[91m │ 	at java.base/jdk.internal.reflect.DelegatingMethodAccessorImpl.invoke(DelegatingMethodAccessorImpl.java:43)                              │ ?[0m
?[91m │ 	at java.base/java.lang.reflect.Method.invoke(Method.java:566)                                                                            │ ?[0m
?[91m │ 	at org.gradle.internal.dispatch.ReflectionDispatch.dispatch(ReflectionDispatch.java:36)                                                  │ ?[0m
?[91m │ 	at org.gradle.internal.dispatch.ReflectionDispatch.dispatch(ReflectionDispatch.java:24)                                                  │ ?[0m
?[91m │ 	at org.gradle.internal.dispatch.ContextClassLoaderDispatch.dispatch(ContextClassLoaderDispatch.java:33)                                  │ ?[0m
?[91m │ 	at org.gradle.internal.dispatch.ProxyDispatchAdapter$DispatchingInvocationHandler.invoke(ProxyDispatchAdapter.java:94)                   │ ?[0m
?[91m │ 	at com.sun.proxy.$Proxy2.processTestClass(Unknown Source)                                                                                │ ?[0m
?[91m │ 	at org.gradle.api.internal.tasks.testing.worker.TestWorker$2.run(TestWorker.java:176)                                                    │ ?[0m
?[91m │ 	at org.gradle.api.internal.tasks.testing.worker.TestWorker.executeAndMaintainThreadName(TestWorker.java:129)                             │ ?[0m
?[91m │ 	at org.gradle.api.internal.tasks.testing.worker.TestWorker.execute(TestWorker.java:100)                                                  │ ?[0m
?[91m │ 	at org.gradle.api.internal.tasks.testing.worker.TestWorker.execute(TestWorker.java:60)                                                   │ ?[0m
?[91m │ 	at org.gradle.process.internal.worker.child.ActionExecutionWorker.execute(ActionExecutionWorker.java:56)                                 │ ?[0m
?[91m │ 	at org.gradle.process.internal.worker.child.SystemApplicationClassLoaderWorker.call(SystemApplicationClassLoaderWorker.java:133)         │ ?[0m
?[91m │ 	at org.gradle.process.internal.worker.child.SystemApplicationClassLoaderWorker.call(SystemApplicationClassLoaderWorker.java:71)          │ ?[0m
?[91m │ 	at worker.org.gradle.process.internal.worker.GradleWorkerMain.run(GradleWorkerMain.java:69)                                              │ ?[0m
?[91m │ 	at worker.org.gradle.process.internal.worker.GradleWorkerMain.main(GradleWorkerMain.java:74)                                             │ ?[0m
?[91m │                                                                                                                                           │ ?[0m
?[91m └───────────────────────────────────────────────────────────────────────────────────────────────────────────────────────────────────────────┘ ?[0m
?[92m ┌───────────────────────────────────────────────────────────────────────────────────────────────────┐ ?[0m
?[92m │ Some tag │ DEBUG.(MokokiTest.kt:46) │ file MokokiTest.kt │ class MokokiTest │ fun log_D │ line 46 │ ?[0m
?[92m ├───────────────────────────────────────────────────────────────────────────────────────────────────┤ ?[0m
?[92m │ Some message                                                                                      │ ?[0m
?[92m └───────────────────────────────────────────────────────────────────────────────────────────────────┘ ?[0m
?[91m ┌───────────────────────────────────────────────────────────────────────────────────────────────────┐ ?[0m
?[91m │ Some tag │ ERROR.(MokokiTest.kt:97) │ file MokokiTest.kt │ class MokokiTest │ fun log_E │ line 97 │ ?[0m
?[91m ├───────────────────────────────────────────────────────────────────────────────────────────────────┤ ?[0m
?[91m │ Some message                                                                                      │ ?[0m
?[91m └───────────────────────────────────────────────────────────────────────────────────────────────────┘ ?[0m
?[93m ┌──────────────────────────────────────────────────────────────────────────────────────────────────┐ ?[0m
?[93m │ Some tag │ INFO.(MokokiTest.kt:63) │ file MokokiTest.kt │ class MokokiTest │ fun log_I │ line 63 │ ?[0m
?[93m ├──────────────────────────────────────────────────────────────────────────────────────────────────┤ ?[0m
?[93m │ Some message                                                                                     │ ?[0m
?[93m └──────────────────────────────────────────────────────────────────────────────────────────────────┘ ?[0m
?[0m ┌─────────────────────────────────────────────────────────────────────────────────────────────────────┐ ?[0m
?[0m │ Some tag │ VERBOSE.(MokokiTest.kt:29) │ file MokokiTest.kt │ class MokokiTest │ fun log_V │ line 29 │ ?[0m
?[0m ├─────────────────────────────────────────────────────────────────────────────────────────────────────┤ ?[0m
?[0m │ Some message                                                                                        │ ?[0m
?[0m └─────────────────────────────────────────────────────────────────────────────────────────────────────┘ ?[0m
?[33m ┌──────────────────────────────────────────────────────────────────────────────────────────────────┐ ?[0m
?[33m │ Some tag │ WARN.(MokokiTest.kt:80) │ file MokokiTest.kt │ class MokokiTest │ fun log_W │ line 80 │ ?[0m
?[33m ├──────────────────────────────────────────────────────────────────────────────────────────────────┤ ?[0m
?[33m │ Some message                                                                                     │ ?[0m
?[33m └──────────────────────────────────────────────────────────────────────────────────────────────────┘ ?[0m
?[31m ┌────────────────────────────────────────────────────────────────────────────────────────────────────────┐ ?[0m
?[31m │ Some tag │ ASSERT.(MokokiTest.kt:114) │ file MokokiTest.kt │ class MokokiTest │ fun log_WTF │ line 114 │ ?[0m
?[31m ├────────────────────────────────────────────────────────────────────────────────────────────────────────┤ ?[0m
?[31m │ Some message                                                                                           │ ?[0m
?[31m └────────────────────────────────────────────────────────────────────────────────────────────────────────┘ ?[0m
?[91m ┌───────────────────────────────────────────────────────────────────────────────────────────────────────────────────────────────────────────┐ ?[0m
?[91m │ Some tag │ ERROR.(MokokiTest.kt:132) │ file MokokiTest.kt │ class MokokiTest │ fun log_some_throwable │ line 132                          │ ?[0m
?[91m ├───────────────────────────────────────────────────────────────────────────────────────────────────────────────────────────────────────────┤ ?[0m
?[91m │ java.lang.IllegalStateException: Some message                                                                                             │ ?[0m
?[91m │ 	at com.javiersc.mokoki.MokokiTest.log_some_throwable(MokokiTest.kt:132)                                                                  │ ?[0m
?[91m │ 	at java.base/jdk.internal.reflect.NativeMethodAccessorImpl.invoke0(Native Method)                                                        │ ?[0m
?[91m │ 	at java.base/jdk.internal.reflect.NativeMethodAccessorImpl.invoke(NativeMethodAccessorImpl.java:62)                                      │ ?[0m
?[91m │ 	at java.base/jdk.internal.reflect.DelegatingMethodAccessorImpl.invoke(DelegatingMethodAccessorImpl.java:43)                              │ ?[0m
?[91m │ 	at java.base/java.lang.reflect.Method.invoke(Method.java:566)                                                                            │ ?[0m
?[91m │ 	at org.junit.runners.model.FrameworkMethod$1.runReflectiveCall(FrameworkMethod.java:59)                                                  │ ?[0m
?[91m │ 	at org.junit.internal.runners.model.ReflectiveCallable.run(ReflectiveCallable.java:12)                                                   │ ?[0m
?[91m │ 	at org.junit.runners.model.FrameworkMethod.invokeExplosively(FrameworkMethod.java:56)                                                    │ ?[0m
?[91m │ 	at org.junit.internal.runners.statements.InvokeMethod.evaluate(InvokeMethod.java:17)                                                     │ ?[0m
?[91m │ 	at org.junit.internal.runners.statements.RunBefores.evaluate(RunBefores.java:26)                                                         │ ?[0m
?[91m │ 	at org.junit.internal.runners.statements.RunAfters.evaluate(RunAfters.java:27)                                                           │ ?[0m
?[91m │ 	at org.junit.runners.ParentRunner$3.evaluate(ParentRunner.java:306)                                                                      │ ?[0m
?[91m │ 	at org.junit.runners.BlockJUnit4ClassRunner$1.evaluate(BlockJUnit4ClassRunner.java:100)                                                  │ ?[0m
?[91m │ 	at org.junit.runners.ParentRunner.runLeaf(ParentRunner.java:366)                                                                         │ ?[0m
?[91m │ 	at org.junit.runners.BlockJUnit4ClassRunner.runChild(BlockJUnit4ClassRunner.java:103)                                                    │ ?[0m
?[91m │ 	at org.junit.runners.BlockJUnit4ClassRunner.runChild(BlockJUnit4ClassRunner.java:63)                                                     │ ?[0m
?[91m │ 	at org.junit.runners.ParentRunner$4.run(ParentRunner.java:331)                                                                           │ ?[0m
?[91m │ 	at org.junit.runners.ParentRunner$1.schedule(ParentRunner.java:79)                                                                       │ ?[0m
?[91m │ 	at org.junit.runners.ParentRunner.runChildren(ParentRunner.java:329)                                                                     │ ?[0m
?[91m │ 	at org.junit.runners.ParentRunner.access$100(ParentRunner.java:66)                                                                       │ ?[0m
?[91m │ 	at org.junit.runners.ParentRunner$2.evaluate(ParentRunner.java:293)                                                                      │ ?[0m
?[91m │ 	at org.junit.runners.ParentRunner$3.evaluate(ParentRunner.java:306)                                                                      │ ?[0m
?[91m │ 	at org.junit.runners.ParentRunner.run(ParentRunner.java:413)                                                                             │ ?[0m
?[91m │ 	at org.gradle.api.internal.tasks.testing.junit.JUnitTestClassExecutor.runTestClass(JUnitTestClassExecutor.java:110)                      │ ?[0m
?[91m │ 	at org.gradle.api.internal.tasks.testing.junit.JUnitTestClassExecutor.execute(JUnitTestClassExecutor.java:58)                            │ ?[0m
?[91m │ 	at org.gradle.api.internal.tasks.testing.junit.JUnitTestClassExecutor.execute(JUnitTestClassExecutor.java:38)                            │ ?[0m
?[91m │ 	at org.gradle.api.internal.tasks.testing.junit.AbstractJUnitTestClassProcessor.processTestClass(AbstractJUnitTestClassProcessor.java:62) │ ?[0m
?[91m │ 	at org.gradle.api.internal.tasks.testing.SuiteTestClassProcessor.processTestClass(SuiteTestClassProcessor.java:51)                       │ ?[0m
?[91m │ 	at java.base/jdk.internal.reflect.NativeMethodAccessorImpl.invoke0(Native Method)                                                        │ ?[0m
?[91m │ 	at java.base/jdk.internal.reflect.NativeMethodAccessorImpl.invoke(NativeMethodAccessorImpl.java:62)                                      │ ?[0m
?[91m │ 	at java.base/jdk.internal.reflect.DelegatingMethodAccessorImpl.invoke(DelegatingMethodAccessorImpl.java:43)                              │ ?[0m
?[91m │ 	at java.base/java.lang.reflect.Method.invoke(Method.java:566)                                                                            │ ?[0m
?[91m │ 	at org.gradle.internal.dispatch.ReflectionDispatch.dispatch(ReflectionDispatch.java:36)                                                  │ ?[0m
?[91m │ 	at org.gradle.internal.dispatch.ReflectionDispatch.dispatch(ReflectionDispatch.java:24)                                                  │ ?[0m
?[91m │ 	at org.gradle.internal.dispatch.ContextClassLoaderDispatch.dispatch(ContextClassLoaderDispatch.java:33)                                  │ ?[0m
?[91m │ 	at org.gradle.internal.dispatch.ProxyDispatchAdapter$DispatchingInvocationHandler.invoke(ProxyDispatchAdapter.java:94)                   │ ?[0m
?[91m │ 	at com.sun.proxy.$Proxy2.processTestClass(Unknown Source)                                                                                │ ?[0m
?[91m │ 	at org.gradle.api.internal.tasks.testing.worker.TestWorker$2.run(TestWorker.java:176)                                                    │ ?[0m
?[91m │ 	at org.gradle.api.internal.tasks.testing.worker.TestWorker.executeAndMaintainThreadName(TestWorker.java:129)                             │ ?[0m
?[91m │ 	at org.gradle.api.internal.tasks.testing.worker.TestWorker.execute(TestWorker.java:100)                                                  │ ?[0m
?[91m │ 	at org.gradle.api.internal.tasks.testing.worker.TestWorker.execute(TestWorker.java:60)                                                   │ ?[0m
?[91m │ 	at org.gradle.process.internal.worker.child.ActionExecutionWorker.execute(ActionExecutionWorker.java:56)                                 │ ?[0m
?[91m │ 	at org.gradle.process.internal.worker.child.SystemApplicationClassLoaderWorker.call(SystemApplicationClassLoaderWorker.java:133)         │ ?[0m
?[91m │ 	at org.gradle.process.internal.worker.child.SystemApplicationClassLoaderWorker.call(SystemApplicationClassLoaderWorker.java:71)          │ ?[0m
?[91m │ 	at worker.org.gradle.process.internal.worker.GradleWorkerMain.run(GradleWorkerMain.java:69)                                              │ ?[0m
?[91m │ 	at worker.org.gradle.process.internal.worker.GradleWorkerMain.main(GradleWorkerMain.java:74)                                             │ ?[0m
?[91m │                                                                                                                                           │ ?[0m
?[91m └───────────────────────────────────────────────────────────────────────────────────────────────────────────────────────────────────────────┘ ?[0m
</pre>
</span>
</div>
</div>
<div id="footer">
<p>
<div>
<label class="hidden" id="label-for-line-wrapping-toggle" for="line-wrapping-toggle">Wrap lines
<input id="line-wrapping-toggle" type="checkbox" autocomplete="off"/>
</label>
</div>Generated by 
<a href="http://www.gradle.org">Gradle 7.5.1</a> at Sep 26, 2022, 7:40:42 PM</p>
</div>
</div>
</body>
</html>
